  Compiling CUDA source file kernel.cu...
  
  D:\OMP>"C:\Program Files\NVIDIA GPU Computing Toolkit\CUDA\v12.2\bin\nvcc.exe" -gencode=arch=compute_52,code=\"sm_52,compute_52\" --use-local-env -ccbin "D:\VisualStudio\VS2022\VC\Tools\MSVC\14.37.32822\bin\HostX64\x64" -x cu   -I"C:\Program Files\NVIDIA GPU Computing Toolkit\CUDA\v12.2\include" -I"C:\Program Files\NVIDIA GPU Computing Toolkit\CUDA\v12.2\include"  -G   --keep-dir x64\Debug  -maxrregcount=0   --machine 64 --compile -cudart static  -g  -DWIN32 -DWIN64 -D_DEBUG -D_CONSOLE -D_MBCS -Xcompiler "/EHsc /W3 /nologo /Od /FS /Zi /RTC1 /MDd " -Xcompiler "/Fdx64\Debug\vc143.pdb" -o D:\OMP\x64\Debug\kernel.cu.obj "D:\OMP\kernel.cu" 
D:\OpenCV\opencv\build\include\opencv2/stitching/detail/warpers.hpp(235): warning #611-D: overloaded virtual function "cv::detail::PlaneWarper::buildMaps" is only partially overridden in class "cv::detail::AffineWarper"
    class  AffineWarper : public PlaneWarper
           ^
  
  Remark: The warnings can be suppressed with "-diag-suppress <warning-number>"
  
D:\OpenCV\opencv\build\include\opencv2/stitching/detail/warpers.hpp(235): warning #611-D: overloaded virtual function "cv::detail::PlaneWarper::warp" is only partially overridden in class "cv::detail::AffineWarper"
    class  AffineWarper : public PlaneWarper
           ^
  
D:\OpenCV\opencv\build\include\opencv2/stitching/detail/matchers.hpp(182): warning #611-D: overloaded virtual function "cv::detail::FeaturesMatcher::match" is only partially overridden in class "cv::detail::BestOf2NearestMatcher"
    class  BestOf2NearestMatcher : public FeaturesMatcher
           ^
  
D:\OpenCV\opencv\build\include\opencv2/stitching/detail/matchers.hpp(236): warning #611-D: overloaded virtual function "cv::detail::FeaturesMatcher::match" is only partially overridden in class "cv::detail::AffineBestOf2NearestMatcher"
    class  AffineBestOf2NearestMatcher : public BestOf2NearestMatcher
           ^
  
D:\OpenCV\opencv\build\include\opencv2/stitching/detail/blenders.hpp(100): warning #611-D: overloaded virtual function "cv::detail::Blender::prepare" is only partially overridden in class "cv::detail::FeatherBlender"
    class  FeatherBlender : public Blender
           ^
  
D:\OpenCV\opencv\build\include\opencv2/stitching/detail/blenders.hpp(127): warning #611-D: overloaded virtual function "cv::detail::Blender::prepare" is only partially overridden in class "cv::detail::MultiBandBlender"
    class  MultiBandBlender : public Blender
           ^
  
D:\OpenCV\opencv\build\include\opencv2/stitching/detail/warpers.hpp(235): warning #611-D: overloaded virtual function "cv::detail::PlaneWarper::buildMaps" is only partially overridden in class "cv::detail::AffineWarper"
    class  AffineWarper : public PlaneWarper
           ^
  
  Remark: The warnings can be suppressed with "-diag-suppress <warning-number>"
  
D:\OpenCV\opencv\build\include\opencv2/stitching/detail/warpers.hpp(235): warning #611-D: overloaded virtual function "cv::detail::PlaneWarper::warp" is only partially overridden in class "cv::detail::AffineWarper"
    class  AffineWarper : public PlaneWarper
           ^
  
D:\OpenCV\opencv\build\include\opencv2/stitching/detail/matchers.hpp(182): warning #611-D: overloaded virtual function "cv::detail::FeaturesMatcher::match" is only partially overridden in class "cv::detail::BestOf2NearestMatcher"
    class  BestOf2NearestMatcher : public FeaturesMatcher
           ^
  
D:\OpenCV\opencv\build\include\opencv2/stitching/detail/matchers.hpp(236): warning #611-D: overloaded virtual function "cv::detail::FeaturesMatcher::match" is only partially overridden in class "cv::detail::AffineBestOf2NearestMatcher"
    class  AffineBestOf2NearestMatcher : public BestOf2NearestMatcher
           ^
  
D:\OpenCV\opencv\build\include\opencv2/stitching/detail/blenders.hpp(100): warning #611-D: overloaded virtual function "cv::detail::Blender::prepare" is only partially overridden in class "cv::detail::FeatherBlender"
    class  FeatherBlender : public Blender
           ^
  
D:\OpenCV\opencv\build\include\opencv2/stitching/detail/blenders.hpp(127): warning #611-D: overloaded virtual function "cv::detail::Blender::prepare" is only partially overridden in class "cv::detail::MultiBandBlender"
    class  MultiBandBlender : public Blender
           ^
  
  kernel.cu
  tmpxft_00003d98_00000000-7_kernel.cudafe1.cpp
D:\OMP\kernel.cu(104): warning C4267: “初始化”: 从“size_t”转换到“int”，可能丢失数据
  OMP.vcxproj -> D:\OMP\x64\Debug\OMP.exe
